[ 2016-01-07T11:47:20+08:00 ] 127.0.0.1 /index.php?g=Admin&m=slide&a=edit_post
INFO: [ app_begin ] --START--
INFO: Run Behavior\ReadHtmlCacheBehavior [ RunTime:0.000441s ]
INFO: Run Behavior\CheckLangBehavior [ RunTime:0.000870s ]
INFO: [ app_begin ] --END-- [ RunTime:0.001608s ]
SQL: SHOW COLUMNS FROM `cmf_users` [ RunTime:0.0017s ]
SQL: SELECT * FROM `cmf_users` WHERE ( id=1 ) LIMIT 1   [ RunTime:0.0003s ]
SQL: SHOW COLUMNS FROM `cmf_slide` [ RunTime:0.0015s ]
SQL: SHOW COLUMNS FROM `cmf_slide_cat` [ RunTime:0.0014s ]
SQL: UPDATE `cmf_slide` SET `slide_cid`='0',`slide_name`='index',`slide_url`='4324',`slide_des`='43',`slide_content`='43243',`slide_pic`='/data/upload/20160107/568dde9b24a69.png' WHERE `slide_id` = '1' [ RunTime:0.0004s ]

[ 2016-01-07T11:48:56+08:00 ] 127.0.0.1 /index.php?g=Admin&m=slidecat&a=add_post
INFO: [ app_begin ] --START--
INFO: Run Behavior\ReadHtmlCacheBehavior [ RunTime:0.000814s ]
INFO: Run Behavior\CheckLangBehavior [ RunTime:0.001192s ]
INFO: [ app_begin ] --END-- [ RunTime:0.002549s ]
SQL: SHOW COLUMNS FROM `cmf_users` [ RunTime:0.0019s ]
SQL: SELECT * FROM `cmf_users` WHERE ( id=1 ) LIMIT 1   [ RunTime:0.0003s ]
SQL: SHOW COLUMNS FROM `cmf_slide_cat` [ RunTime:0.0015s ]
SQL: INSERT INTO `cmf_slide_cat` (`cat_name`,`cat_idname`,`cat_remark`) VALUES ('首页幻灯片','index','首页幻灯片') [ RunTime:0.0003s ]

[ 2016-01-07T11:49:10+08:00 ] 127.0.0.1 /index.php?g=Admin&m=slide&a=edit_post
INFO: [ app_begin ] --START--
INFO: Run Behavior\ReadHtmlCacheBehavior [ RunTime:0.000541s ]
INFO: Run Behavior\CheckLangBehavior [ RunTime:0.001318s ]
INFO: [ app_begin ] --END-- [ RunTime:0.002152s ]
SQL: SHOW COLUMNS FROM `cmf_users` [ RunTime:0.0019s ]
SQL: SELECT * FROM `cmf_users` WHERE ( id=1 ) LIMIT 1   [ RunTime:0.0003s ]
SQL: SHOW COLUMNS FROM `cmf_slide` [ RunTime:0.0015s ]
SQL: SHOW COLUMNS FROM `cmf_slide_cat` [ RunTime:0.0014s ]
SQL: UPDATE `cmf_slide` SET `slide_cid`='1',`slide_name`='index',`slide_url`='4324',`slide_des`='43',`slide_content`='43243',`slide_pic`='/data/upload/20160107/568dde9b24a69.png' WHERE `slide_id` = '1' [ RunTime:0.0003s ]

[ 2016-01-07T11:49:18+08:00 ] 127.0.0.1 /index.php?g=Admin&m=slide&a=edit_post
INFO: [ app_begin ] --START--
INFO: Run Behavior\ReadHtmlCacheBehavior [ RunTime:0.000415s ]
INFO: Run Behavior\CheckLangBehavior [ RunTime:0.000877s ]
INFO: [ app_begin ] --END-- [ RunTime:0.001566s ]
SQL: SHOW COLUMNS FROM `cmf_users` [ RunTime:0.0028s ]
SQL: SELECT * FROM `cmf_users` WHERE ( id=1 ) LIMIT 1   [ RunTime:0.0003s ]
SQL: SHOW COLUMNS FROM `cmf_slide` [ RunTime:0.0015s ]
SQL: SHOW COLUMNS FROM `cmf_slide_cat` [ RunTime:0.0013s ]
SQL: UPDATE `cmf_slide` SET `slide_cid`='1',`slide_name`='544543',`slide_url`='543',`slide_des`='5435',`slide_content`='543543',`slide_pic`='/data/upload/20160107/568ddede3c8e1.png' WHERE `slide_id` = '2' [ RunTime:0.0003s ]

[ 2016-01-07T14:00:32+08:00 ] 127.0.0.1 /index.php?g=Admin&m=slide&a=delete&id=2
INFO: [ app_begin ] --START--
INFO: Run Behavior\ReadHtmlCacheBehavior [ RunTime:0.000533s ]
INFO: Run Behavior\CheckLangBehavior [ RunTime:0.001248s ]
INFO: [ app_begin ] --END-- [ RunTime:0.002115s ]
SQL: SHOW COLUMNS FROM `cmf_users` [ RunTime:0.0020s ]
SQL: SELECT * FROM `cmf_users` WHERE ( id=1 ) LIMIT 1   [ RunTime:0.0004s ]
SQL: SHOW COLUMNS FROM `cmf_slide` [ RunTime:0.0017s ]
SQL: SHOW COLUMNS FROM `cmf_slide_cat` [ RunTime:0.0019s ]
SQL: DELETE FROM `cmf_slide` WHERE `slide_id` = 2 [ RunTime:0.0003s ]

[ 2016-01-07T14:00:55+08:00 ] 127.0.0.1 /index.php?g=Admin&m=slide&a=edit_post
INFO: [ app_begin ] --START--
INFO: Run Behavior\ReadHtmlCacheBehavior [ RunTime:0.000471s ]
INFO: Run Behavior\CheckLangBehavior [ RunTime:0.000957s ]
INFO: [ app_begin ] --END-- [ RunTime:0.001714s ]
SQL: SHOW COLUMNS FROM `cmf_users` [ RunTime:0.0018s ]
SQL: SELECT * FROM `cmf_users` WHERE ( id=1 ) LIMIT 1   [ RunTime:0.0004s ]
SQL: SHOW COLUMNS FROM `cmf_slide` [ RunTime:0.0016s ]
SQL: SHOW COLUMNS FROM `cmf_slide_cat` [ RunTime:0.0013s ]
SQL: UPDATE `cmf_slide` SET `slide_cid`='1',`slide_name`='index',`slide_url`='4324',`slide_des`='43',`slide_content`='43243',`slide_pic`='/data/upload/20160107/568dff10b0cdb.jpg' WHERE `slide_id` = '1' [ RunTime:0.0003s ]

[ 2016-01-07T14:01:35+08:00 ] 127.0.0.1 /index.php?g=Admin&m=slide&a=add_post
INFO: [ app_begin ] --START--
INFO: Run Behavior\ReadHtmlCacheBehavior [ RunTime:0.000484s ]
INFO: Run Behavior\CheckLangBehavior [ RunTime:0.001024s ]
INFO: [ app_begin ] --END-- [ RunTime:0.001793s ]
SQL: SHOW COLUMNS FROM `cmf_users` [ RunTime:0.0018s ]
SQL: SELECT * FROM `cmf_users` WHERE ( id=1 ) LIMIT 1   [ RunTime:0.0003s ]
SQL: SHOW COLUMNS FROM `cmf_slide` [ RunTime:0.0016s ]
SQL: SHOW COLUMNS FROM `cmf_slide_cat` [ RunTime:0.0035s ]
SQL: INSERT INTO `cmf_slide` (`slide_cid`,`slide_name`,`slide_url`,`slide_des`,`slide_content`,`slide_pic`) VALUES ('1','ttt','t','te','tete','/data/upload/20160107/568dff384b73e.jpg') [ RunTime:0.0006s ]

